Sandbox logs:
{
  "sandboxLog": "",
  "lambdaLog": "traderData: \nObservations: (plainValueObservations: {}, conversionObservations: {})\nAcceptable price : 10\nBuy Order depth : 3, Sell order depth : 2\nSELL 1x 10002\nAcceptable price : 10\nBuy Order depth : 2, Sell order depth : 1\nSELL 1x 5002",
  "timestamp": 0
}
{
  "sandboxLog": "\nOrders for product STARFRUIT exceeded limit of 20 set",
  "lambdaLog": "traderData: SAMPLE\nObservations: (plainValueObservations: {}, conversionObservations: {})\nAcceptable price : 10\nBuy Order depth : 2, Sell order depth : 2\nSELL 2x 9996\nAcceptable price : 10\nBuy Order depth : 1, Sell order depth : 2\nSELL 24x 4997",
  "timestamp": 100
}
{
  "sandboxLog": "\nOrders for product AMETHYSTS exceeded limit of 20 set",
  "lambdaLog": "traderData: SAMPLE\nObservations: (plainValueObservations: {}, conversionObservations: {})\nAcceptable price : 10\nBuy Order depth : 1, Sell order depth : 1\nSELL 20x 9995\nAcceptable price : 10\nBuy Order depth : 2, Sell order depth : 1\nSELL 2x 4997",
  "timestamp": 200
}
{
  "sandboxLog": "\nOrders for product STARFRUIT exceeded limit of 20 set",
  "lambdaLog": "traderData: SAMPLE\nObservations: (plainValueObservations: {}, conversionObservations: {})\nAcceptable price : 10\nBuy Order depth : 2, Sell order depth : 2\nSELL 2x 9996\nAcceptable price : 10\nBuy Order depth : 1, Sell order depth : 1\nSELL 31x 4996",
  "timestamp": 300
}
{
  "sandboxLog": "\nOrders for product STARFRUIT exceeded limit of 20 set",
  "lambdaLog": "traderData: SAMPLE\nObservations: (plainValueObservations: {}, conversionObservations: {})\nAcceptable price : 10\nBuy Order depth : 2, Sell order depth : 2\nSELL 2x 9996\nAcceptable price : 10\nBuy Order depth : 1, Sell order depth : 1\nSELL 27x 4995",
  "timestamp": 400
}
{
  "sandboxLog": "\nOrders for product STARFRUIT exceeded limit of 20 set\nOrders for product AMETHYSTS exceeded limit of 20 set",
  "lambdaLog": "traderData: SAMPLE\nObservations: (plainValueObservations: {}, conversionObservations: {})\nAcceptable price : 10\nBuy Order depth : 1, Sell order depth : 2\nSELL 30x 9995\nAcceptable price : 10\nBuy Order depth : 1, Sell order depth : 1\nSELL 30x 4996",
  "timestamp": 500
}



Activities log:
day;timestamp;product;bid_price_1;bid_volume_1;bid_price_2;bid_volume_2;bid_price_3;bid_volume_3;ask_price_1;ask_volume_1;ask_price_2;ask_volume_2;ask_price_3;ask_volume_3;mid_price;profit_and_loss
-2;0;AMETHYSTS;10002;1;9996;2;9995;29;10004;2;10005;29;;;10003.0;0.0
-2;0;STARFRUIT;5002;1;4997;31;;;5003;31;;;;;5002.5;0.0
-2;100;AMETHYSTS;9996;2;9995;22;;;10004;2;10005;22;;;10000.0;2.0
-2;100;STARFRUIT;4997;24;;;;;5003;2;5004;22;;;5000.0;1.92529296875
-2;200;STARFRUIT;4997;2;4996;20;;;5003;20;;;;;5000.0;2.134765625
-2;200;AMETHYSTS;9995;20;;;;;10005;20;;;;;10000.0;-6.0
-2;300;AMETHYSTS;9996;2;9995;29;;;10004;2;10005;29;;;10000.0;-6.0
-2;300;STARFRUIT;4996;31;;;;;5003;31;;;;;4999.5;-3.1005859375
-2;400;AMETHYSTS;9996;2;9995;25;;;10004;2;10005;25;;;10000.0;-14.0
-2;400;STARFRUIT;4995;27;;;;;5002;27;;;;;4998.5;-0.1796875
-2;500;AMETHYSTS;9995;30;;;;;10002;4;10005;30;;;9998.5;-22.0
-2;500;STARFRUIT;4996;30;;;;;5003;30;;;;;4999.5;-2.328125




Trade History:
[
  {
    "timestamp": 0,
    "buyer": "",
    "seller": "",
    "symbol": "STARFRUIT",
    "currency": "SEASHELLS",
    "price": 5003,
    "quantity": 13
  },
  {
    "timestamp": 0,
    "buyer": "",
    "seller": "SUBMISSION",
    "symbol": "AMETHYSTS",
    "currency": "SEASHELLS",
    "price": 10002,
    "quantity": 1
  },
  {
    "timestamp": 0,
    "buyer": "",
    "seller": "SUBMISSION",
    "symbol": "STARFRUIT",
    "currency": "SEASHELLS",
    "price": 5002,
    "quantity": 1
  },
  {
    "timestamp": 0,
    "buyer": "",
    "seller": "",
    "symbol": "AMETHYSTS",
    "currency": "SEASHELLS",
    "price": 10004,
    "quantity": 1
  },
  {
    "timestamp": 0,
    "buyer": "",
    "seller": "",
    "symbol": "STARFRUIT",
    "currency": "SEASHELLS",
    "price": 5003,
    "quantity": 1
  },
  {
    "timestamp": 100,
    "buyer": "",
    "seller": "SUBMISSION",
    "symbol": "AMETHYSTS",
    "currency": "SEASHELLS",
    "price": 9996,
    "quantity": 2
  },
  {
    "timestamp": 200,
    "buyer": "",
    "seller": "SUBMISSION",
    "symbol": "STARFRUIT",
    "currency": "SEASHELLS",
    "price": 4997,
    "quantity": 2
  },
  {
    "timestamp": 300,
    "buyer": "",
    "seller": "SUBMISSION",
    "symbol": "AMETHYSTS",
    "currency": "SEASHELLS",
    "price": 9996,
    "quantity": 2
  },
  {
    "timestamp": 400,
    "buyer": "",
    "seller": "SUBMISSION",
    "symbol": "AMETHYSTS",
    "currency": "SEASHELLS",
    "price": 9996,
    "quantity": 2
  }
]